"GET / HTTP/1.1" 200 16286
"GET /static/admin/css/fonts.css HTTP/1.1" 200 423
"GET /static/admin/fonts/Roboto-Regular-webfont.woff HTTP/1.1" 200 80304
"GET /static/admin/fonts/Roboto-Bold-webfont.woff HTTP/1.1" 200 82564
"GET /static/admin/fonts/Roboto-Light-webfont.woff HTTP/1.1" 200 81348
Not Found: /favicon.ico
"GET /favicon.ico HTTP/1.1" 404 1971
"GET /admin HTTP/1.1" 301 0
"GET /admin/ HTTP/1.1" 302 0
"GET /admin/login/?next=/admin/ HTTP/1.1" 200 1821
"GET /static/admin/css/base.css HTTP/1.1" 200 16225
"GET /static/admin/css/login.css HTTP/1.1" 200 1203
"GET /static/admin/css/responsive.css HTTP/1.1" 200 17976
"POST /admin/login/?next=/admin/ HTTP/1.1" 302 0
"GET /admin/ HTTP/1.1" 200 3661
"GET /static/admin/css/dashboard.css HTTP/1.1" 200 412
"GET /static/admin/img/icon-addlink.svg HTTP/1.1" 200 331
"GET /static/admin/img/icon-changelink.svg HTTP/1.1" 200 380
"GET /admin/base/data/ HTTP/1.1" 200 32480
"GET /static/admin/css/changelists.css HTTP/1.1" 200 6170
"GET /static/admin/js/vendor/jquery/jquery.js HTTP/1.1" 200 271751
"GET /admin/jsi18n/ HTTP/1.1" 200 7684
"GET /static/admin/js/jquery.init.js HTTP/1.1" 200 363
"GET /static/admin/js/core.js HTTP/1.1" 200 7135
"GET /static/admin/js/admin/RelatedObjectLookups.js HTTP/1.1" 200 6918
"GET /static/admin/js/urlify.js HTTP/1.1" 200 8972
"GET /static/admin/js/prepopulate.js HTTP/1.1" 200 1530
"GET /static/import_export/action_formats.js HTTP/1.1" 200 777
"GET /static/admin/js/actions.js HTTP/1.1" 200 6538
"GET /static/admin/js/vendor/xregexp/xregexp.js HTTP/1.1" 200 128820
"GET /static/admin/img/search.svg HTTP/1.1" 200 458
"GET /static/admin/img/tooltag-add.svg HTTP/1.1" 200 331
"GET /admin/base/data/?q=2017-08-08 HTTP/1.1" 200 5999
"GET /admin/jsi18n/ HTTP/1.1" 200 7684
"GET /admin/base/data/434/change/?_changelist_filters=q%3D2017-08-08 HTTP/1.1" 200 7409
"GET /static/admin/js/calendar.js HTTP/1.1" 200 7777
"GET /static/admin/js/admin/DateTimeShortcuts.js HTTP/1.1" 200 20281
"GET /static/admin/js/prepopulate_init.js HTTP/1.1" 200 495
"GET /static/admin/css/forms.css HTTP/1.1" 200 8505
"GET /admin/jsi18n/ HTTP/1.1" 200 7684
"GET /static/admin/js/change_form.js HTTP/1.1" 200 712
"GET /static/admin/css/widgets.css HTTP/1.1" 200 10340
"GET /static/admin/img/icon-calendar.svg HTTP/1.1" 200 1086
"GET /admin/base/data/?q=2017-08-08 HTTP/1.1" 200 5999
"GET /admin/base/data/413/change/?_changelist_filters=q%3D2017-08-08 HTTP/1.1" 200 7286
"GET /admin/jsi18n/ HTTP/1.1" 200 7684
"GET /admin/base/data/?q=2017-08-08 HTTP/1.1" 200 5999
"GET /admin/base/data/?q=2017-08-08 HTTP/1.1" 200 5695
"GET /static/admin/css/base.css HTTP/1.1" 304 0
"GET /static/admin/js/vendor/jquery/jquery.js HTTP/1.1" 304 0
"GET /static/admin/css/changelists.css HTTP/1.1" 304 0
"GET /admin/jsi18n/ HTTP/1.1" 200 7684
"GET /static/admin/js/jquery.init.js HTTP/1.1" 304 0
"GET /static/admin/js/actions.js HTTP/1.1" 304 0
"GET /static/admin/js/urlify.js HTTP/1.1" 304 0
"GET /static/admin/css/responsive.css HTTP/1.1" 304 0
"GET /static/admin/js/core.js HTTP/1.1" 304 0
"GET /static/admin/js/prepopulate.js HTTP/1.1" 304 0
"GET /static/admin/js/admin/RelatedObjectLookups.js HTTP/1.1" 304 0
"GET /static/admin/js/vendor/xregexp/xregexp.js HTTP/1.1" 304 0
"GET /static/import_export/action_formats.js HTTP/1.1" 304 0
"GET /static/admin/img/search.svg HTTP/1.1" 304 0
"GET /static/admin/css/fonts.css HTTP/1.1" 304 0
"GET /static/admin/img/tooltag-add.svg HTTP/1.1" 304 0
"GET /static/admin/fonts/Roboto-Regular-webfont.woff HTTP/1.1" 304 0
"GET /static/admin/fonts/Roboto-Light-webfont.woff HTTP/1.1" 304 0
"GET /static/admin/fonts/Roboto-Bold-webfont.woff HTTP/1.1" 304 0
"GET /admin/base/data/460/change/?_changelist_filters=q%3D2017-08-08 HTTP/1.1" 200 9895
"GET /static/admin/css/forms.css HTTP/1.1" 304 0
"GET /static/admin/js/calendar.js HTTP/1.1" 304 0
"GET /static/admin/js/admin/DateTimeShortcuts.js HTTP/1.1" 304 0
"GET /admin/jsi18n/ HTTP/1.1" 200 7684
"GET /static/admin/js/change_form.js HTTP/1.1" 304 0
"GET /static/admin/js/prepopulate_init.js HTTP/1.1" 304 0
"GET /static/admin/css/widgets.css HTTP/1.1" 304 0
"GET /static/admin/img/icon-calendar.svg HTTP/1.1" 304 0
